<?xml version="1.0" encoding="UTF-8"?>
<!-- Generated by org.testng.reporters.JUnitXMLReporter -->
<testsuite ignored="0" hostname="SHASHANK-HP360" failures="0" tests="3" name="Test" time="20.514" errors="0" timestamp="2021-05-14T22:58:07 IST">
  <testcase classname="com.qa.tests.LoginTests" name="invalidPasswordTest" time="4.192"/>
  <testcase classname="com.qa.tests.LoginTests" name="invalidUsernameTest" time="3.165"/>
  <testcase classname="com.qa.tests.LoginTests" name="validLoginTest" time="2.823"/>
</testsuite> <!-- Test -->
